<?xml version="1.0" encoding="UTF-8"?>
<!-- Generated by org.testng.reporters.JUnitReportReporter -->
<testsuite hostname="DESKTOP-F96MB1N" failures="0" tests="1" name="EgeptPackageTests" time="1.001" errors="0" timestamp="2024-04-19T18:23:56 EET" skipped="0">
  <testcase classname="EgeptPackageTests" name="Verify_That_PackagesTypesAndPricesEgypt_Are_Correct" time="1.001"/>
</testsuite> <!-- EgeptPackageTests -->
