<?xml version="1.0" encoding="UTF-8"?>
<!-- Generated by org.testng.reporters.JUnitReportReporter -->
<testsuite hostname="DESKTOP-F96MB1N" failures="0" tests="1" name="UAEPackageTests" time="1.229" errors="0" timestamp="2024-04-19T18:23:56 EET" skipped="0">
  <testcase classname="UAEPackageTests" name="Verify_That_PackagesTypesAndPricesUAE_Are_Correct" time="1.229"/>
</testsuite> <!-- UAEPackageTests -->
